<?xml version="1.0" encoding="UTF-8"?>
<!-- Generated by org.testng.reporters.JUnitReportReporter -->
<testsuite skipped="0" hostname="DivyaSreekanths-MacBook-Pro.local" name="com.Scripts.ActitimeProject.TestActitimeLogin" tests="1" failures="0" timestamp="10 Jun 2020 21:52:17 GMT" time="7.343" errors="0">
  <testcase name="Login" time="7.343" classname="com.Scripts.ActitimeProject.TestActitimeLogin"/>
</testsuite> <!-- com.Scripts.ActitimeProject.TestActitimeLogin -->
